2025-07-14 19:25:31,088 - INFO - Loaded 120028 token records
2025-07-14 19:25:32,436 - ERROR - Failed to initialize API: Failed to generate session
2025-07-15 12:40:31,203 - ERROR - Failed to load token data: ("Connection broken: ConnectionResetError(10054, 'An existing connection was forcibly closed by the remote host', None, 10054, None)", ConnectionResetError(10054, 'An existing connection was forcibly closed by the remote host', None, 10054, None))
2025-07-15 12:45:02,904 - INFO - Loaded 120716 token records
2025-07-15 12:45:04,072 - ERROR - Failed to initialize API: Failed to generate session
2025-07-15 13:00:03,406 - INFO - Loaded 120716 token records
2025-07-15 13:00:05,058 - ERROR - Failed to initialize API: Failed to generate session
2025-07-15 13:03:49,914 - INFO - Loaded 120716 token records
2025-07-15 13:03:51,154 - ERROR - Failed to initialize API: Failed to generate session
2025-07-15 13:06:52,929 - INFO - Loaded 120716 token records
2025-07-15 13:06:54,095 - ERROR - Failed to initialize API: Failed to generate session
2025-07-15 13:08:15,238 - INFO - Loaded 120716 token records
2025-07-15 13:08:16,325 - ERROR - Failed to initialize API: Failed to generate session
2025-07-15 14:17:26,305 - INFO - Loaded 120716 token records
2025-07-15 14:17:27,374 - ERROR - Failed to initialize API: Failed to generate session
2025-07-15 14:20:19,591 - INFO - Loaded 120716 token records
2025-07-15 14:20:20,653 - ERROR - Failed to initialize API: Failed to generate session
2025-07-15 14:22:12,095 - INFO - Loaded 120716 token records
2025-07-15 14:22:13,385 - ERROR - Failed to initialize API: Failed to generate session
2025-07-15 14:24:56,089 - INFO - Loaded 120716 token records
2025-07-15 14:24:57,640 - ERROR - Failed to initialize API: Failed to generate session
2025-07-15 14:27:31,958 - INFO - Loaded 120716 token records
2025-07-15 14:27:33,626 - ERROR - Failed to initialize API: 'NoneType' object has no attribute 'getfeedToken'
2025-07-15 14:29:14,770 - INFO - Loaded 120716 token records
2025-07-15 14:29:16,389 - ERROR - Failed to initialize API: 'NoneType' object has no attribute 'generateToken'
2025-07-16 11:12:21,617 - INFO - Loaded 121901 token records
2025-07-16 11:12:23,720 - ERROR - Failed to initialize API: 'NoneType' object has no attribute 'generateToken'
2025-07-16 11:14:43,680 - INFO - Loaded 121901 token records
2025-07-16 11:14:47,405 - ERROR - Failed to initialize API: Couldn't parse the JSON response received from the server: b''
2025-07-16 11:15:30,022 - INFO - Loaded 121901 token records
2025-07-16 11:15:30,651 - ERROR - Failed to initialize API: name 'config' is not defined
2025-07-16 11:16:02,917 - INFO - Loaded 121901 token records
2025-07-16 11:16:03,425 - ERROR - Failed to initialize API: name 'config' is not defined
2025-07-16 21:46:41,793 - INFO - Loaded 121901 token records
2025-07-16 21:47:41,191 - INFO - Loaded 121901 token records
2025-07-16 21:47:43,114 - INFO - Feed-Token: eyJhbGciOiJIUzUxMiJ9.eyJ1c2VybmFtZSI6IlM2OTI5NDgiLCJpYXQiOjE3NTI2ODI2NjAsImV4cCI6MTc1Mjc2OTA2MH0.UJI1XHfSB0yyL8Yx5qyJ28rqiRuIVjjGTiiKZ0S9ifNiWldPatBZENOL3z4_b54jXMi7YrNyi_n1AlsMrN_sHA
2025-07-16 21:47:43,774 - INFO - Get Profile: {'status': True, 'message': 'SUCCESS', 'errorcode': '', 'data': {'clientcode': 'S692948', 'name': 'SACHIN  MALIK', 'email': '', 'mobileno': '', 'exchanges': ['nse_fo', 'nse_cm', 'bse_fo', 'bse_cm'], 'products': ['MARGIN', 'MIS', 'NRML', 'CNC', 'CO', 'BO'], 'lastlogintime': '', 'broker': ''}}
2025-07-16 21:47:44,398 - INFO - API initialization completed successfully
2025-07-16 21:47:44,399 - INFO - Starting trading bot...
2025-07-16 21:48:39,303 - INFO - Trading bot stopped by user
2025-07-16 21:48:48,918 - INFO - Loaded 121901 token records
2025-07-16 21:49:10,864 - INFO - Loaded 121901 token records
2025-07-16 21:49:13,411 - INFO - Feed-Token: eyJhbGciOiJIUzUxMiJ9.eyJ1c2VybmFtZSI6IlM2OTI5NDgiLCJpYXQiOjE3NTI2ODI3NTAsImV4cCI6MTc1Mjc2OTE1MH0.bNJMYkoHHjHMxzV6Xg6J1vqc5pvDyEqKSxB0N44P_zJXlYuiuxiALwK7Cdk3ZwjuBlnddq1PMr0XETiJfFdwRA
2025-07-16 21:49:14,858 - INFO - Get Profile: {'status': True, 'message': 'SUCCESS', 'errorcode': '', 'data': {'clientcode': 'S692948', 'name': 'SACHIN  MALIK', 'email': '', 'mobileno': '', 'exchanges': ['nse_fo', 'nse_cm', 'bse_fo', 'bse_cm'], 'products': ['MARGIN', 'MIS', 'NRML', 'CNC', 'CO', 'BO'], 'lastlogintime': '', 'broker': ''}}
2025-07-16 21:49:15,787 - INFO - API initialization completed successfully
2025-07-16 21:49:15,787 - INFO - Starting trading bot...
2025-07-16 21:50:25,266 - INFO - Trading bot stopped by user
2025-07-16 21:51:02,541 - INFO - Loaded 121901 token records
2025-07-16 21:51:04,814 - INFO - Feed-Token: eyJhbGciOiJIUzUxMiJ9.eyJ1c2VybmFtZSI6IlM2OTI5NDgiLCJpYXQiOjE3NTI2ODI4NjEsImV4cCI6MTc1Mjc2OTI2MX0.Bhupfdtp92WIucUvJ60Y4GWUIPseYay6pAwU0eApor-b27XwuGOBKh60IRF5ifSTtkpw2WLOamhxsfrsV6dmzA
2025-07-16 21:51:05,576 - INFO - Get Profile: {'status': True, 'message': 'SUCCESS', 'errorcode': '', 'data': {'clientcode': 'S692948', 'name': 'SACHIN  MALIK', 'email': '', 'mobileno': '', 'exchanges': ['nse_fo', 'nse_cm', 'bse_fo', 'bse_cm'], 'products': ['MARGIN', 'MIS', 'NRML', 'CNC', 'CO', 'BO'], 'lastlogintime': '', 'broker': ''}}
2025-07-16 21:51:06,244 - INFO - API initialization completed successfully
2025-07-16 21:51:06,245 - INFO - Starting trading bot...
2025-07-16 21:55:00,802 - INFO - Trading time: 21:55:00
2025-07-16 21:55:02,654 - ERROR - Error in trading cycle: Could not get symbol information
2025-07-16 21:55:20,906 - INFO - Trading bot stopped by user
2025-07-16 21:55:36,125 - INFO - Loaded 121901 token records
2025-07-16 21:55:40,269 - INFO - Feed-Token: eyJhbGciOiJIUzUxMiJ9.eyJ1c2VybmFtZSI6IlM2OTI5NDgiLCJpYXQiOjE3NTI2ODMxMzcsImV4cCI6MTc1Mjc2OTUzN30.CpAjcp3JlXmxHsb58syyIjXMDVjD3BHVSC5SMc48UbIBhkNkKnC27rDknUD3uNyjeOk0Sjz9N0_4D6JvdT6Gqw
2025-07-16 21:55:41,077 - INFO - Get Profile: {'status': True, 'message': 'SUCCESS', 'errorcode': '', 'data': {'clientcode': 'S692948', 'name': 'SACHIN  MALIK', 'email': '', 'mobileno': '', 'exchanges': ['nse_fo', 'nse_cm', 'bse_fo', 'bse_cm'], 'products': ['MARGIN', 'MIS', 'NRML', 'CNC', 'CO', 'BO'], 'lastlogintime': '', 'broker': ''}}
2025-07-16 21:55:41,875 - INFO - API initialization completed successfully
2025-07-16 21:55:41,880 - INFO - Starting trading bot...
2025-07-16 21:55:43,627 - INFO - Trading bot stopped by user
2025-07-16 21:58:12,707 - INFO - Loaded 121901 token records
2025-07-16 21:58:14,550 - INFO - Feed-Token: eyJhbGciOiJIUzUxMiJ9.eyJ1c2VybmFtZSI6IlM2OTI5NDgiLCJpYXQiOjE3NTI2ODMyOTEsImV4cCI6MTc1Mjc2OTY5MX0.4sXA5NU38610HQECLu7g5Dv_q4M-8WotmY1xy9HlQ-lgSPWxJD3elySUx0WP7pxGtHc2bXnxb4-aHScsXJV-zg
2025-07-16 21:58:15,213 - INFO - Get Profile: {'status': True, 'message': 'SUCCESS', 'errorcode': '', 'data': {'clientcode': 'S692948', 'name': 'SACHIN  MALIK', 'email': '', 'mobileno': '', 'exchanges': ['nse_fo', 'nse_cm', 'bse_fo', 'bse_cm'], 'products': ['MARGIN', 'MIS', 'NRML', 'CNC', 'CO', 'BO'], 'lastlogintime': '', 'broker': ''}}
2025-07-16 21:58:15,876 - INFO - API initialization completed successfully
2025-07-16 21:58:15,876 - INFO - Starting trading bot...
2025-07-16 22:00:00,010 - INFO - Trading time: 22:00:00
2025-07-16 22:00:01,459 - ERROR - Error in trading cycle: Could not get symbol information
2025-07-16 22:02:46,347 - INFO - Trading bot stopped by user
2025-07-16 22:02:56,914 - INFO - Loaded 121901 token records
2025-07-16 22:02:58,729 - INFO - Feed-Token: eyJhbGciOiJIUzUxMiJ9.eyJ1c2VybmFtZSI6IlM2OTI5NDgiLCJpYXQiOjE3NTI2ODM1NzUsImV4cCI6MTc1Mjc2OTk3NX0.3qqi28Jqe8ZwaDRTykWNuYdPzIU55yT5DrV_UUPP-8cuOqcVR9Iw1HPZHb59fShW_Xqg3boDnezLNWQWTrorTA
2025-07-16 22:02:59,447 - INFO - Get Profile: {'status': True, 'message': 'SUCCESS', 'errorcode': '', 'data': {'clientcode': 'S692948', 'name': 'SACHIN  MALIK', 'email': '', 'mobileno': '', 'exchanges': ['nse_fo', 'nse_cm', 'bse_fo', 'bse_cm'], 'products': ['MARGIN', 'MIS', 'NRML', 'CNC', 'CO', 'BO'], 'lastlogintime': '', 'broker': ''}}
2025-07-16 22:03:00,076 - INFO - API initialization completed successfully
2025-07-16 22:03:00,076 - INFO - Starting trading bot...
2025-07-16 22:03:01,897 - INFO - Trading bot stopped by user
2025-07-16 22:05:07,270 - INFO - Loaded 121901 token records
2025-07-16 22:05:09,981 - INFO - Feed-Token: eyJhbGciOiJIUzUxMiJ9.eyJ1c2VybmFtZSI6IlM2OTI5NDgiLCJpYXQiOjE3NTI2ODM3MDYsImV4cCI6MTc1Mjc3MDEwNn0.h3v1wq7oTpBeD9lC93r4tGi6C8sJ8N5viWhBeL76lpA-xwF1qjX7mGTUWIBYZ5Pt9gifKo3cnvElx1sVPCoBpg
2025-07-16 22:05:11,108 - INFO - Get Profile: {'status': True, 'message': 'SUCCESS', 'errorcode': '', 'data': {'clientcode': 'S692948', 'name': 'SACHIN  MALIK', 'email': '', 'mobileno': '', 'exchanges': ['nse_fo', 'nse_cm', 'bse_fo', 'bse_cm'], 'products': ['MARGIN', 'MIS', 'NRML', 'CNC', 'CO', 'BO'], 'lastlogintime': '', 'broker': ''}}
2025-07-16 22:05:11,974 - INFO - API initialization completed successfully
2025-07-16 22:05:11,974 - INFO - Starting trading bot...
2025-07-16 22:10:00,289 - INFO - Trading time: 22:10:00
2025-07-16 22:10:01,172 - ERROR - Unexpected error in main loop: cannot access local variable 'selected_symbol' where it is not associated with a value
2025-07-16 22:11:44,029 - INFO - Trading bot stopped by user
2025-07-16 22:12:25,068 - INFO - Loaded 121901 token records
2025-07-16 22:12:27,573 - INFO - Feed-Token: eyJhbGciOiJIUzUxMiJ9.eyJ1c2VybmFtZSI6IlM2OTI5NDgiLCJpYXQiOjE3NTI2ODQxNDQsImV4cCI6MTc1Mjc3MDU0NH0.ytyjHdnWQ12m1QJRwvJ5HTCp4bgvZbFsqfIFEJiO9LfBIBAaLCWNyo1350I9gvlC_VkpRtKLa-g1f8bw0FejoQ
2025-07-16 22:12:28,326 - INFO - Get Profile: {'status': True, 'message': 'SUCCESS', 'errorcode': '', 'data': {'clientcode': 'S692948', 'name': 'SACHIN  MALIK', 'email': '', 'mobileno': '', 'exchanges': ['nse_fo', 'nse_cm', 'bse_fo', 'bse_cm'], 'products': ['MARGIN', 'MIS', 'NRML', 'CNC', 'CO', 'BO'], 'lastlogintime': '', 'broker': ''}}
2025-07-16 22:12:29,041 - INFO - API initialization completed successfully
2025-07-16 22:12:29,042 - INFO - Starting trading bot...
2025-07-16 22:15:00,172 - INFO - Trading time: 22:15:00
2025-07-16 22:15:00,949 - INFO -  SENSEX2572282634CE and SENSEX2572282634PE
2025-07-16 22:15:00,992 - ERROR - Error in trading cycle: Could not get symbol information
2025-07-16 22:16:49,339 - INFO - Trading bot stopped by user
2025-07-16 22:17:20,914 - INFO - Loaded 121901 token records
2025-07-16 22:17:23,502 - INFO - Feed-Token: eyJhbGciOiJIUzUxMiJ9.eyJ1c2VybmFtZSI6IlM2OTI5NDgiLCJpYXQiOjE3NTI2ODQ0NDAsImV4cCI6MTc1Mjc3MDg0MH0.nLD0nVM79Z13ZdbVkuVVi7ayQ5QhA9NBEUi47p9OaEzk17WFQCiIkv8WA5d22cP10szm_BDE--cxNeSyt-JFUA
2025-07-16 22:17:24,414 - INFO - Get Profile: {'status': True, 'message': 'SUCCESS', 'errorcode': '', 'data': {'clientcode': 'S692948', 'name': 'SACHIN  MALIK', 'email': '', 'mobileno': '', 'exchanges': ['nse_fo', 'nse_cm', 'bse_fo', 'bse_cm'], 'products': ['MARGIN', 'MIS', 'NRML', 'CNC', 'CO', 'BO'], 'lastlogintime': '', 'broker': ''}}
2025-07-16 22:17:25,321 - INFO - API initialization completed successfully
2025-07-16 22:17:25,322 - INFO - Starting trading bot...
2025-07-16 22:18:26,504 - INFO - Trading bot stopped by user
2025-07-16 22:19:56,950 - INFO - Loaded 121901 token records
2025-07-16 22:19:59,097 - INFO - Feed-Token: eyJhbGciOiJIUzUxMiJ9.eyJ1c2VybmFtZSI6IlM2OTI5NDgiLCJpYXQiOjE3NTI2ODQ1OTYsImV4cCI6MTc1Mjc3MDk5Nn0.dzqcVm3ZREUD8336j14tBqnSyCULyE_8mfK9uv0YPTGcXcEDOjuJkBjpwXx8nINBfZbpN-NM_1t4wrsdkU-dzg
2025-07-16 22:19:59,820 - INFO - Get Profile: {'status': True, 'message': 'SUCCESS', 'errorcode': '', 'data': {'clientcode': 'S692948', 'name': 'SACHIN  MALIK', 'email': '', 'mobileno': '', 'exchanges': ['nse_fo', 'nse_cm', 'bse_fo', 'bse_cm'], 'products': ['MARGIN', 'MIS', 'NRML', 'CNC', 'CO', 'BO'], 'lastlogintime': '', 'broker': ''}}
2025-07-16 22:20:00,722 - INFO - API initialization completed successfully
2025-07-16 22:20:00,723 - INFO - Starting trading bot...
2025-07-16 22:20:00,724 - INFO - Trading time: 22:20:00
2025-07-16 22:20:01,559 - INFO -  SENSEX2572282600CE and SENSEX2572282600PE
2025-07-16 22:20:04,807 - INFO - Order placed successfully: 0716a8b5d1b4AO
2025-07-16 22:20:04,808 - INFO - Buy order placed: SENSEX2572282600PE at 338.05, Qty: 20
2025-07-16 22:20:04,809 - INFO - Starting position monitoring...
2025-07-16 22:20:28,865 - INFO - Trading bot stopped by user
2025-07-16 23:47:02,662 - INFO - Loaded 121901 token records
2025-07-16 23:47:08,419 - INFO - Feed-Token: eyJhbGciOiJIUzUxMiJ9.eyJ1c2VybmFtZSI6IlM2OTI5NDgiLCJpYXQiOjE3NTI2ODk4MjEsImV4cCI6MTc1Mjc3NjIyMX0.IqlcwVopUNPFR3XD2reCqcxun7Rz4FDUtRoW-hIysdhd6hQ13gQYBZe-52Sii15CVvy1vkUBi_VchL-vNkyrkA
2025-07-16 23:47:09,326 - INFO - Get Profile: {'status': True, 'message': 'SUCCESS', 'errorcode': '', 'data': {'clientcode': 'S692948', 'name': 'SACHIN  MALIK', 'email': '', 'mobileno': '', 'exchanges': ['nse_fo', 'nse_cm', 'bse_fo', 'bse_cm'], 'products': ['MARGIN', 'MIS', 'NRML', 'CNC', 'CO', 'BO'], 'lastlogintime': '', 'broker': ''}}
2025-07-16 23:47:10,217 - INFO - API initialization completed successfully
2025-07-16 23:47:10,218 - INFO - Starting trading bot...
2025-07-16 23:50:00,900 - INFO - Trading time: 23:50:00
2025-07-16 23:50:07,261 - INFO - Order placed successfully: 0716e669ce5aAO
2025-07-16 23:50:07,262 - INFO - Buy order placed: SENSEX2572282600PE at 338.05, Qty: 20
2025-07-16 23:50:07,264 - INFO - Starting position monitoring...
2025-07-17 10:46:38,762 - INFO - Loaded 122391 token records
2025-07-17 10:46:41,028 - INFO - Feed-Token: eyJhbGciOiJIUzUxMiJ9.eyJ1c2VybmFtZSI6IlM2OTI5NDgiLCJpYXQiOjE3NTI3Mjk0MDAsImV4cCI6MTc1MjgxNTgwMH0.3xlxHa9PsyXZN3bMUg95PuwijpA6oH4HbSmLDR1DVp1772kkCeFfDk7Ty7W4aJ3iN8yF2w0j-igyb-pA8SIMWg
2025-07-17 10:46:41,781 - INFO - Get Profile: {'status': True, 'message': 'SUCCESS', 'errorcode': '', 'data': {'clientcode': 'S692948', 'name': 'SACHIN  MALIK', 'email': '', 'mobileno': '', 'exchanges': ['nse_fo', 'nse_cm', 'bse_fo', 'bse_cm'], 'products': ['MARGIN', 'MIS', 'NRML', 'CNC', 'CO', 'BO'], 'lastlogintime': '', 'broker': ''}}
2025-07-17 10:46:42,612 - INFO - API initialization completed successfully
2025-07-17 10:46:42,613 - INFO - Starting trading bot...
2025-07-17 10:50:00,953 - INFO - Trading time: 10:50:00
2025-07-17 10:50:05,019 - INFO - Order placed successfully: 250717000378380
2025-07-17 10:50:05,020 - INFO - Buy order placed: SENSEX2572282400PE at 308.7, Qty: 20
2025-07-17 10:50:05,021 - INFO - Starting position monitoring...
2025-07-17 10:58:19,226 - INFO - Trading bot stopped by user
2025-07-17 19:15:48,785 - INFO - Loaded 122391 token records
2025-07-17 19:15:51,253 - INFO - Feed-Token: eyJhbGciOiJIUzUxMiJ9.eyJ1c2VybmFtZSI6IlM2OTI5NDgiLCJpYXQiOjE3NTI3NTk5NTEsImV4cCI6MTc1Mjg0NjM1MX0.L5K5R9xV5LSQj_3D93IBqS4SrFH-i000NnSt67lCMtKeuqNvj1hq6yyLIkZslEoRkZu3FuaTOUQ8eufM9MuA7g
2025-07-17 19:15:51,989 - INFO - Get Profile: {'status': True, 'message': 'SUCCESS', 'errorcode': '', 'data': {'clientcode': 'S692948', 'name': 'SACHIN  MALIK', 'email': '', 'mobileno': '', 'exchanges': ['nse_fo', 'nse_cm', 'bse_fo', 'bse_cm'], 'products': ['MARGIN', 'MIS', 'NRML', 'CNC', 'CO', 'BO'], 'lastlogintime': '', 'broker': ''}}
2025-07-17 19:15:52,707 - INFO - API initialization completed successfully
2025-07-17 19:15:52,708 - INFO - Starting trading bot...
2025-07-17 19:16:02,579 - INFO - Trading bot stopped by user
2025-07-17 19:16:12,985 - INFO - Loaded 122391 token records
2025-07-17 19:16:14,855 - INFO - Feed-Token: eyJhbGciOiJIUzUxMiJ9.eyJ1c2VybmFtZSI6IlM2OTI5NDgiLCJpYXQiOjE3NTI3NTk5NzUsImV4cCI6MTc1Mjg0NjM3NX0.uTxHKXce_vLDWuXBs1XNDHLH0MNQQYl0QRuyfRh32EvXTRGP4k5m519tBWZdJmDJepaaACbA6Y4psZ0WIwnXtw
2025-07-17 19:16:15,509 - INFO - Get Profile: {'status': True, 'message': 'SUCCESS', 'errorcode': '', 'data': {'clientcode': 'S692948', 'name': 'SACHIN  MALIK', 'email': '', 'mobileno': '', 'exchanges': ['nse_fo', 'nse_cm', 'bse_fo', 'bse_cm'], 'products': ['MARGIN', 'MIS', 'NRML', 'CNC', 'CO', 'BO'], 'lastlogintime': '', 'broker': ''}}
2025-07-17 19:16:16,194 - INFO - API initialization completed successfully
2025-07-17 19:16:16,195 - INFO - Starting trading bot...
2025-07-17 19:16:18,560 - INFO - Trading bot stopped by user
2025-07-18 10:50:00,599 - INFO - Loaded 122499 token records
2025-07-18 10:50:04,480 - INFO - Feed-Token: eyJhbGciOiJIUzUxMiJ9.eyJ1c2VybmFtZSI6IlM2OTI5NDgiLCJpYXQiOjE3NTI4MTYwMDIsImV4cCI6MTc1MjkwMjQwMn0.0dybOhmTsxWEito8L2iFdVGljXPgephNSJq1u-vpGsU_X1YdB_WJaQJX5CAoqOWdgdDyLAWBH4N04X71J0Y_vg
2025-07-18 10:50:05,642 - INFO - Get Profile: {'status': True, 'message': 'SUCCESS', 'errorcode': '', 'data': {'clientcode': 'S692948', 'name': 'SACHIN  MALIK', 'email': '', 'mobileno': '', 'exchanges': ['nse_fo', 'nse_cm', 'bse_fo', 'bse_cm'], 'products': ['MARGIN', 'MIS', 'NRML', 'CNC', 'CO', 'BO'], 'lastlogintime': '', 'broker': ''}}
2025-07-18 10:50:06,592 - INFO - API initialization completed successfully
2025-07-18 10:50:06,593 - INFO - Starting trading bot...
2025-07-18 10:55:00,902 - INFO - Trading time: 10:55:00
2025-07-18 10:55:05,394 - INFO - Order placed successfully: 250718000340705
2025-07-18 10:55:05,395 - INFO - Buy order placed: SENSEX2572281700PE at 297.0, Qty: 20
2025-07-18 10:55:05,395 - INFO - Starting position monitoring...
2025-07-18 10:56:43,776 - INFO - Updated trigger price to: 298.5
2025-07-18 10:56:45,712 - INFO - Updated trigger price to: 298.6
2025-07-18 10:56:46,679 - INFO - Updated trigger price to: 299.3
2025-07-18 10:56:48,634 - INFO - Updated trigger price to: 300.0
2025-07-18 10:56:57,615 - INFO - Updated trigger price to: 300.1
2025-07-18 10:57:00,492 - INFO - Updated trigger price to: 300.3
2025-07-18 10:57:09,192 - INFO - Order placed successfully: 250718000343798
2025-07-18 10:57:09,193 - INFO - Sell order placed: SENSEX2572281700PE at 299.5, Qty: 20
2025-07-18 10:57:09,193 - INFO - Position closed due to trailing_stop
2025-07-18 11:00:00,623 - INFO - Trading time: 11:00:00
2025-07-18 11:00:10,810 - ERROR - Failed to place order: HTTPSConnectionPool(host='apiconnect.angelone.in', port=443): Max retries exceeded with url: /rest/secure/angelbroking/order/v1/placeOrder (Caused by ConnectTimeoutError(<urllib3.connection.HTTPSConnection object at 0x00000112B0CFD810>, 'Connection to apiconnect.angelone.in timed out. (connect timeout=7)'))
2025-07-18 11:01:05,418 - INFO - Trading bot stopped by user
2025-07-18 11:01:13,009 - INFO - Loaded 122499 token records
2025-07-18 11:01:15,414 - INFO - Feed-Token: eyJhbGciOiJIUzUxMiJ9.eyJ1c2VybmFtZSI6IlM2OTI5NDgiLCJpYXQiOjE3NTI4MTY2NzQsImV4cCI6MTc1MjkwMzA3NH0.IIChYlmzPIFIJF63xxdDLtCWHDGUjRM57b__IVDiMF0k828ScH6JnIFc7J53sCg0pSRrnCRfuuOv5R8fxpTmBg
2025-07-18 11:01:16,068 - INFO - Get Profile: {'status': True, 'message': 'SUCCESS', 'errorcode': '', 'data': {'clientcode': 'S692948', 'name': 'SACHIN  MALIK', 'email': '', 'mobileno': '', 'exchanges': ['nse_fo', 'nse_cm', 'bse_fo', 'bse_cm'], 'products': ['MARGIN', 'MIS', 'NRML', 'CNC', 'CO', 'BO'], 'lastlogintime': '', 'broker': ''}}
2025-07-18 11:01:16,691 - INFO - API initialization completed successfully
2025-07-18 11:01:16,692 - INFO - Starting trading bot...
2025-07-18 11:03:50,567 - INFO - Trading bot stopped by user
2025-07-22 09:57:15,560 - INFO - Loaded 125131 token records
2025-07-22 09:57:17,984 - INFO - Feed-Token: eyJhbGciOiJIUzUxMiJ9.eyJ1c2VybmFtZSI6IlM2OTI5NDgiLCJpYXQiOjE3NTMxNTg0MzIsImV4cCI6MTc1MzI0NDgzMn0.cb6SxuzkCvXZwl4Az_y9D_Ux3j4HeJ5x9A9M9RSFzDiGcXvlVGCl20iVtyDIoKHP3J9YWyDADjtPc0HhmLybGg
2025-07-22 09:57:18,793 - INFO - Get Profile: {'status': True, 'message': 'SUCCESS', 'errorcode': '', 'data': {'clientcode': 'S692948', 'name': 'SACHIN  MALIK', 'email': '', 'mobileno': '', 'exchanges': ['nse_fo', 'nse_cm', 'bse_fo', 'bse_cm'], 'products': ['MARGIN', 'MIS', 'NRML', 'CNC', 'CO', 'BO'], 'lastlogintime': '', 'broker': ''}}
2025-07-22 09:57:19,463 - INFO - API initialization completed successfully
2025-07-22 09:57:19,463 - INFO - Starting trading bot...
2025-07-22 10:00:00,543 - INFO - Trading time: 10:00:00
2025-07-22 10:00:04,162 - INFO - Order placed successfully: 250722000259912
2025-07-22 10:00:04,162 - INFO - Buy order placed: SENSEX2572282300PE at 113.0, Qty: 60
2025-07-22 10:00:04,162 - INFO - Starting position monitoring...
2025-07-22 10:00:10,588 - INFO - Order placed successfully: 250722000260664
2025-07-22 10:00:10,589 - INFO - Sell order placed: SENSEX2572282300PE at 103.25, Qty: 60
2025-07-22 10:00:10,589 - INFO - Position closed due to stop_loss
2025-07-22 10:05:00,838 - INFO - Trading time: 10:05:00
2025-07-22 10:05:04,577 - INFO - Order placed successfully: 250722000281114
2025-07-22 10:05:04,578 - INFO - Buy order placed: SENSEX2572282300CE at 106.8, Qty: 60
2025-07-22 10:05:04,578 - INFO - Starting position monitoring...
2025-07-22 10:05:27,050 - INFO - Order placed successfully: 250722000282566
2025-07-22 10:05:27,052 - INFO - Sell order placed: SENSEX2572282300CE at 98.15, Qty: 60
2025-07-22 10:05:27,053 - INFO - Position closed due to stop_loss
2025-07-22 10:10:00,271 - INFO - Trading time: 10:10:00
2025-07-22 10:10:03,672 - INFO - Order placed successfully: 250722000296562
2025-07-22 10:10:03,673 - INFO - Buy order placed: SENSEX2572282300CE at 98.2, Qty: 60
2025-07-22 10:10:03,674 - INFO - Starting position monitoring...
2025-07-22 10:10:05,856 - INFO - Updated trigger price to: 99.6
2025-07-22 10:10:10,386 - INFO - Updated trigger price to: 100.3
2025-07-22 10:10:14,121 - INFO - Order placed successfully: 250722000297001
2025-07-22 10:10:14,121 - INFO - Sell order placed: SENSEX2572282300CE at 100.15, Qty: 60
2025-07-22 10:10:14,122 - INFO - Position closed due to trailing_stop
2025-07-22 10:15:00,424 - INFO - Trading time: 10:15:00
2025-07-22 10:15:03,842 - INFO - Order placed successfully: 250722000310819
2025-07-22 10:15:03,842 - INFO - Buy order placed: SENSEX2572282300PE at 86.05, Qty: 80
2025-07-22 10:15:03,843 - INFO - Starting position monitoring...
2025-07-22 10:15:13,239 - INFO - Updated trigger price to: 86.7
2025-07-22 10:15:17,517 - INFO - Updated trigger price to: 86.8
2025-07-22 10:15:18,304 - INFO - Updated trigger price to: 87.7
2025-07-22 10:15:20,635 - INFO - Updated trigger price to: 88.0
2025-07-22 10:15:23,578 - INFO - Order placed successfully: 250722000311667
2025-07-22 10:15:23,579 - INFO - Sell order placed: SENSEX2572282300PE at 87.85, Qty: 80
2025-07-22 10:15:23,580 - INFO - Position closed due to trailing_stop
2025-07-22 10:20:00,021 - INFO - Trading time: 10:20:00
2025-07-22 10:20:03,773 - INFO - Order placed successfully: 250722000326306
2025-07-22 10:20:03,774 - INFO - Buy order placed: SENSEX2572282400CE at 89.05, Qty: 80
2025-07-22 10:20:03,774 - INFO - Starting position monitoring...
2025-07-22 10:20:27,259 - INFO - Updated trigger price to: 89.8
2025-07-22 10:20:30,428 - INFO - Order placed successfully: 250722000327779
2025-07-22 10:20:30,428 - INFO - Sell order placed: SENSEX2572282400CE at 89.65, Qty: 80
2025-07-22 10:20:30,429 - INFO - Position closed due to trailing_stop
2025-07-22 10:25:00,684 - INFO - Trading time: 10:25:00
2025-07-22 10:25:04,541 - INFO - Order placed successfully: 250722000339656
2025-07-22 10:25:04,542 - INFO - Buy order placed: SENSEX2572282400CE at 82.45, Qty: 80
2025-07-22 10:25:04,542 - INFO - Starting position monitoring...
2025-07-22 10:25:11,821 - INFO - Updated trigger price to: 83.0
2025-07-22 10:25:13,347 - INFO - Updated trigger price to: 83.5
2025-07-22 10:25:14,141 - INFO - Updated trigger price to: 83.8
2025-07-22 10:25:15,173 - INFO - Updated trigger price to: 85.1
2025-07-22 10:25:18,486 - INFO - Order placed successfully: 250722000340164
2025-07-22 10:25:18,487 - INFO - Sell order placed: SENSEX2572282400CE at 84.75, Qty: 80
2025-07-22 10:25:18,487 - INFO - Position closed due to trailing_stop
2025-07-22 10:30:00,741 - INFO - Trading time: 10:30:00
2025-07-22 10:30:04,195 - INFO - Order placed successfully: 250722000353986
2025-07-22 10:30:04,196 - INFO - Buy order placed: SENSEX2572282300PE at 86.75, Qty: 80
2025-07-22 10:30:04,197 - INFO - Starting position monitoring...
2025-07-22 10:30:21,831 - INFO - Updated trigger price to: 88.6
2025-07-22 10:30:24,067 - INFO - Updated trigger price to: 90.1
2025-07-22 10:30:26,541 - INFO - Updated trigger price to: 90.9
2025-07-22 10:30:28,042 - INFO - Updated trigger price to: 91.7
2025-07-22 10:30:32,135 - INFO - Order placed successfully: 250722000355776
2025-07-22 10:30:32,166 - INFO - Sell order placed: SENSEX2572282300PE at 90.0, Qty: 80
2025-07-22 10:30:32,186 - INFO - Position closed due to trailing_stop
2025-07-22 10:35:00,412 - INFO - Trading time: 10:35:00
2025-07-22 10:35:03,910 - INFO - Order placed successfully: 250722000367123
2025-07-22 10:35:03,911 - INFO - Buy order placed: SENSEX2572282300CE at 92.65, Qty: 80
2025-07-22 10:35:03,912 - INFO - Starting position monitoring...
2025-07-22 10:35:47,604 - INFO - Updated trigger price to: 93.3
2025-07-22 10:35:51,348 - INFO - Order placed successfully: 250722000369035
2025-07-22 10:35:51,349 - INFO - Sell order placed: SENSEX2572282300CE at 92.85, Qty: 80
2025-07-22 10:35:51,349 - INFO - Position closed due to trailing_stop
2025-07-22 10:40:00,670 - INFO - Trading time: 10:40:00
2025-07-22 10:40:06,058 - INFO - Order placed successfully: 250722000380133
2025-07-22 10:40:06,059 - INFO - Buy order placed: SENSEX2572282300CE at 84.35, Qty: 80
2025-07-22 10:40:06,059 - INFO - Starting position monitoring...
2025-07-22 10:40:09,294 - INFO - Updated trigger price to: 85.0
2025-07-22 10:40:10,106 - INFO - Updated trigger price to: 85.5
2025-07-22 10:40:10,932 - INFO - Updated trigger price to: 85.8
2025-07-22 10:40:19,742 - ERROR - Error getting LTP for SENSEX2572282300CE: HTTPSConnectionPool(host='apiconnect.angelone.in', port=443): Read timed out. (read timeout=7)
2025-07-22 10:40:19,743 - WARNING - Could not get LTP for monitoring
2025-07-22 10:40:23,643 - INFO - Updated trigger price to: 86.2
2025-07-22 10:40:25,179 - INFO - Updated trigger price to: 86.6
2025-07-22 10:40:30,788 - INFO - Order placed successfully: 250722000381087
2025-07-22 10:40:30,789 - INFO - Sell order placed: SENSEX2572282300CE at 86.2, Qty: 80
2025-07-22 10:40:30,790 - INFO - Position closed due to trailing_stop
2025-07-22 10:45:00,214 - INFO - Trading time: 10:45:00
2025-07-22 10:45:03,691 - INFO - Order placed successfully: 250722000392232
2025-07-22 10:45:03,692 - INFO - Buy order placed: SENSEX2572282200PE at 66.2, Qty: 100
2025-07-22 10:45:03,692 - INFO - Starting position monitoring...
2025-07-22 10:45:05,208 - INFO - Updated trigger price to: 66.9
2025-07-22 10:45:07,770 - INFO - Updated trigger price to: 67.7
2025-07-22 10:45:12,043 - INFO - Order placed successfully: 250722000392616
2025-07-22 10:45:12,044 - INFO - Sell order placed: SENSEX2572282200PE at 67.25, Qty: 100
2025-07-22 10:45:12,044 - INFO - Position closed due to trailing_stop
2025-07-22 10:50:00,650 - INFO - Trading time: 10:50:00
2025-07-22 10:50:05,012 - INFO - Order placed successfully: 250722000407919
2025-07-22 10:50:05,013 - INFO - Buy order placed: SENSEX2572282300CE at 85.05, Qty: 80
2025-07-22 10:50:05,014 - INFO - Starting position monitoring...
2025-07-22 10:50:18,899 - ERROR - Error getting LTP for SENSEX2572282300CE: HTTPSConnectionPool(host='apiconnect.angelone.in', port=443): Read timed out. (read timeout=7)
2025-07-22 10:50:18,899 - WARNING - Could not get LTP for monitoring
2025-07-22 10:50:26,055 - INFO - Updated trigger price to: 86.1
2025-07-22 10:50:26,850 - INFO - Updated trigger price to: 87.2
2025-07-22 10:50:28,479 - INFO - Updated trigger price to: 87.4
2025-07-22 10:50:29,249 - INFO - Updated trigger price to: 87.5
2025-07-22 10:50:31,573 - INFO - Updated trigger price to: 87.8
2025-07-22 10:50:33,699 - INFO - Order placed successfully: 250722000408912
2025-07-22 10:50:33,700 - INFO - Sell order placed: SENSEX2572282300CE at 87.7, Qty: 80
2025-07-22 10:50:33,701 - INFO - Position closed due to trailing_stop
2025-07-22 10:55:00,957 - INFO - Trading time: 10:55:00
2025-07-22 10:55:07,708 - INFO - Order placed successfully: 250722000418623
2025-07-22 10:55:07,709 - INFO - Buy order placed: SENSEX2572282300CE at 74.5, Qty: 100
2025-07-22 10:55:07,709 - INFO - Starting position monitoring...
2025-07-22 10:55:20,352 - INFO - Updated trigger price to: 75.1
2025-07-22 10:55:29,480 - INFO - Updated trigger price to: 75.4
2025-07-22 10:55:36,036 - INFO - Order placed successfully: 250722000419398
2025-07-22 10:55:36,038 - INFO - Sell order placed: SENSEX2572282300CE at 75.1, Qty: 100
2025-07-22 10:55:36,038 - INFO - Position closed due to trailing_stop
2025-07-22 11:00:00,562 - INFO - Trading time: 11:00:00
2025-07-22 11:00:05,592 - INFO - Order placed successfully: 250722000428165
2025-07-22 11:00:05,593 - INFO - Buy order placed: SENSEX2572282200PE at 58.25, Qty: 120
2025-07-22 11:00:05,593 - INFO - Starting position monitoring...
2025-07-22 11:00:07,133 - INFO - Updated trigger price to: 59.2
2025-07-22 11:00:09,716 - INFO - Order placed successfully: 250722000428474
2025-07-22 11:00:09,717 - INFO - Sell order placed: SENSEX2572282200PE at 58.8, Qty: 120
2025-07-22 11:00:09,717 - INFO - Position closed due to trailing_stop
2025-07-22 11:05:00,034 - INFO - Trading time: 11:05:00
2025-07-22 11:05:04,366 - INFO - Order placed successfully: 250722000438103
2025-07-22 11:05:04,366 - INFO - Buy order placed: SENSEX2572282200PE at 72.05, Qty: 100
2025-07-22 11:05:04,367 - INFO - Starting position monitoring...
2025-07-22 11:05:14,480 - INFO - Updated trigger price to: 72.8
2025-07-22 11:05:16,086 - INFO - Order placed successfully: 250722000438818
2025-07-22 11:05:16,086 - INFO - Sell order placed: SENSEX2572282200PE at 71.25, Qty: 100
2025-07-22 11:05:16,087 - INFO - Position closed due to trailing_stop
2025-07-22 11:10:00,423 - INFO - Trading time: 11:10:00
2025-07-22 11:10:03,959 - INFO - Order placed successfully: 250722000459747
2025-07-22 11:10:03,960 - INFO - Buy order placed: SENSEX2572282200CE at 81.35, Qty: 80
2025-07-22 11:10:03,961 - INFO - Starting position monitoring...
2025-07-22 11:10:17,836 - INFO - Updated trigger price to: 83.1
2025-07-22 11:10:18,629 - INFO - Updated trigger price to: 83.5
2025-07-22 11:10:21,261 - INFO - Updated trigger price to: 83.7
2025-07-22 11:10:22,864 - INFO - Updated trigger price to: 84.0
2025-07-22 11:10:25,232 - INFO - Updated trigger price to: 84.4
2025-07-22 11:10:29,757 - INFO - Order placed successfully: 250722000461472
2025-07-22 11:10:29,758 - INFO - Sell order placed: SENSEX2572282200CE at 84.15, Qty: 80
2025-07-22 11:10:29,759 - INFO - Position closed due to trailing_stop
2025-07-22 11:15:00,074 - INFO - Trading time: 11:15:00
2025-07-22 11:15:03,510 - INFO - Order placed successfully: 250722000473996
2025-07-22 11:15:03,511 - INFO - Buy order placed: SENSEX2572282200PE at 85.65, Qty: 80
2025-07-22 11:15:03,512 - INFO - Starting position monitoring...
2025-07-22 11:15:05,734 - INFO - Updated trigger price to: 86.3
2025-07-22 11:15:06,502 - INFO - Updated trigger price to: 86.4
2025-07-22 11:15:07,262 - INFO - Updated trigger price to: 87.4
2025-07-22 11:15:08,051 - INFO - Updated trigger price to: 88.0
2025-07-22 11:15:09,579 - INFO - Updated trigger price to: 88.2
2025-07-22 11:15:13,374 - INFO - Updated trigger price to: 88.3
2025-07-22 11:15:14,145 - INFO - Updated trigger price to: 88.7
2025-07-22 11:15:15,716 - INFO - Updated trigger price to: 89.3
2025-07-22 11:15:16,483 - INFO - Updated trigger price to: 89.7
2025-07-22 11:15:17,297 - INFO - Updated trigger price to: 91.1
2025-07-22 11:15:18,070 - INFO - Updated trigger price to: 92.1
2025-07-22 11:15:22,064 - INFO - Order placed successfully: 250722000474717
2025-07-22 11:15:22,065 - INFO - Sell order placed: SENSEX2572282200PE at 91.95, Qty: 80
2025-07-22 11:15:22,066 - INFO - Position closed due to trailing_stop
2025-07-22 11:20:00,345 - INFO - Trading time: 11:20:00
2025-07-22 11:20:04,120 - INFO - Order placed successfully: 250722000487337
2025-07-22 11:20:04,120 - INFO - Buy order placed: SENSEX2572282100PE at 85.95, Qty: 80
2025-07-22 11:20:04,121 - INFO - Starting position monitoring...
2025-07-22 11:20:04,794 - INFO - Updated trigger price to: 88.7
2025-07-22 11:20:06,363 - INFO - Updated trigger price to: 90.3
2025-07-22 11:20:08,661 - INFO - Order placed successfully: 250722000487786
2025-07-22 11:20:08,661 - INFO - Sell order placed: SENSEX2572282100PE at 86.4, Qty: 80
2025-07-22 11:20:08,662 - INFO - Position closed due to trailing_stop
2025-07-22 11:25:00,368 - INFO - Trading time: 11:25:00
2025-07-22 11:25:03,832 - INFO - Order placed successfully: 250722000500847
2025-07-22 11:25:03,833 - INFO - Buy order placed: SENSEX2572282200CE at 74.45, Qty: 100
2025-07-22 11:25:03,835 - INFO - Starting position monitoring...
2025-07-22 11:25:16,893 - INFO - Updated trigger price to: 75.1
2025-07-22 11:25:18,428 - INFO - Updated trigger price to: 76.1
2025-07-22 11:25:19,196 - INFO - Updated trigger price to: 76.5
2025-07-22 11:25:20,605 - INFO - Order placed successfully: 250722000501361
2025-07-22 11:25:20,606 - INFO - Sell order placed: SENSEX2572282200CE at 76.4, Qty: 100
2025-07-22 11:25:20,607 - INFO - Position closed due to trailing_stop
2025-07-22 11:30:00,003 - INFO - Trading time: 11:30:00
2025-07-22 11:30:04,376 - INFO - Order placed successfully: 250722000510510
2025-07-22 11:30:04,377 - INFO - Buy order placed: SENSEX2572282200CE at 78.15, Qty: 80
2025-07-22 11:30:04,378 - INFO - Starting position monitoring...
2025-07-22 11:30:50,352 - INFO - Order placed successfully: 250722000511974
2025-07-22 11:30:50,353 - INFO - Sell order placed: SENSEX2572282200CE at 71.25, Qty: 80
2025-07-22 11:30:50,354 - INFO - Position closed due to stop_loss
2025-07-22 11:35:00,723 - INFO - Trading time: 11:35:00
2025-07-22 11:35:04,081 - INFO - Order placed successfully: 250722000520581
2025-07-22 11:35:04,082 - INFO - Buy order placed: SENSEX2572282200CE at 71.6, Qty: 100
2025-07-22 11:35:04,083 - INFO - Starting position monitoring...
2025-07-22 11:35:06,312 - INFO - Updated trigger price to: 72.2
2025-07-22 11:35:07,823 - INFO - Updated trigger price to: 72.3
2025-07-22 11:35:08,577 - INFO - Updated trigger price to: 72.9
2025-07-22 11:35:13,208 - INFO - Updated trigger price to: 73.1
2025-07-22 11:35:25,804 - INFO - Updated trigger price to: 73.3
2025-07-22 11:35:26,623 - INFO - Updated trigger price to: 73.4
2025-07-22 11:35:28,148 - INFO - Updated trigger price to: 73.5
2025-07-22 11:35:29,192 - INFO - Updated trigger price to: 73.6
2025-07-22 11:35:38,947 - INFO - Order placed successfully: 250722000521893
2025-07-22 11:35:38,948 - INFO - Sell order placed: SENSEX2572282200CE at 73.1, Qty: 100
2025-07-22 11:35:38,949 - INFO - Position closed due to trailing_stop
2025-07-22 11:40:00,302 - INFO - Trading time: 11:40:00
2025-07-22 11:40:04,731 - INFO - Order placed successfully: 250722000529524
2025-07-22 11:40:04,732 - INFO - Buy order placed: SENSEX2572282200CE at 69.4, Qty: 100
2025-07-22 11:40:04,733 - INFO - Starting position monitoring...
2025-07-22 11:40:11,222 - INFO - Updated trigger price to: 69.8
2025-07-22 11:40:12,736 - INFO - Updated trigger price to: 71.1
2025-07-22 11:40:14,531 - INFO - Updated trigger price to: 71.7
2025-07-22 11:40:22,287 - INFO - Updated trigger price to: 72.0
2025-07-22 11:40:23,075 - INFO - Updated trigger price to: 72.2
2025-07-22 11:40:23,841 - INFO - Updated trigger price to: 73.8
2025-07-22 11:40:25,422 - INFO - Updated trigger price to: 74.5
2025-07-22 11:40:26,299 - INFO - Updated trigger price to: 74.7
2025-07-22 11:40:27,036 - INFO - Updated trigger price to: 75.1
2025-07-22 11:40:28,556 - INFO - Updated trigger price to: 75.6
2025-07-22 11:40:42,098 - INFO - Order placed successfully: 250722000530732
2025-07-22 11:40:42,099 - INFO - Sell order placed: SENSEX2572282200CE at 74.8, Qty: 100
2025-07-22 11:40:42,100 - INFO - Position closed due to trailing_stop
2025-07-22 11:45:00,429 - INFO - Trading time: 11:45:00
2025-07-22 11:45:04,577 - INFO - Order placed successfully: 250722000538583
2025-07-22 11:45:04,578 - INFO - Buy order placed: SENSEX2572282200CE at 79.65, Qty: 80
2025-07-22 11:45:04,580 - INFO - Starting position monitoring...
2025-07-22 11:45:34,401 - INFO - Updated trigger price to: 80.1
2025-07-22 11:45:35,467 - INFO - Updated trigger price to: 80.4
2025-07-22 11:45:40,045 - INFO - Order placed successfully: 250722000539746
2025-07-22 11:45:40,045 - INFO - Sell order placed: SENSEX2572282200CE at 79.6, Qty: 80
2025-07-22 11:45:40,046 - INFO - Position closed due to trailing_stop
2025-07-22 11:50:00,291 - INFO - Trading time: 11:50:00
2025-07-22 11:50:06,884 - INFO - Order placed successfully: 250722000549617
2025-07-22 11:50:06,885 - INFO - Buy order placed: SENSEX2572282200PE at 73.25, Qty: 100
2025-07-22 11:50:06,886 - INFO - Starting position monitoring...
2025-07-22 11:50:07,549 - INFO - Updated trigger price to: 75.7
2025-07-22 11:50:08,320 - INFO - Updated trigger price to: 76.8
2025-07-22 11:50:09,090 - INFO - Updated trigger price to: 77.3
2025-07-22 11:50:09,836 - INFO - Updated trigger price to: 77.8
2025-07-22 11:50:14,822 - INFO - Updated trigger price to: 78.3
2025-07-22 11:50:17,140 - INFO - Updated trigger price to: 79.0
2025-07-22 11:50:17,956 - INFO - Updated trigger price to: 79.5
2025-07-22 11:50:21,050 - INFO - Updated trigger price to: 79.9
2025-07-22 11:50:27,359 - INFO - Updated trigger price to: 80.0
2025-07-22 11:50:28,939 - INFO - Updated trigger price to: 80.6
2025-07-22 11:50:30,779 - INFO - Updated trigger price to: 81.7
2025-07-22 11:50:31,539 - INFO - Updated trigger price to: 82.0
2025-07-22 11:50:32,308 - INFO - Updated trigger price to: 82.8
2025-07-22 11:50:33,080 - INFO - Updated trigger price to: 83.3
2025-07-22 11:50:38,521 - INFO - Updated trigger price to: 84.1
2025-07-22 11:50:39,302 - INFO - Updated trigger price to: 84.4
2025-07-22 11:50:40,058 - INFO - Updated trigger price to: 85.3
2025-07-22 11:50:43,118 - INFO - Updated trigger price to: 87.5
2025-07-22 11:50:44,609 - INFO - Updated trigger price to: 88.3
2025-07-22 11:50:45,344 - INFO - Updated trigger price to: 90.4
2025-07-22 11:50:48,437 - INFO - Updated trigger price to: 91.0
2025-07-22 11:50:49,188 - INFO - Updated trigger price to: 92.5
2025-07-22 11:50:50,716 - INFO - Updated trigger price to: 93.4
2025-07-22 11:50:51,840 - INFO - Updated trigger price to: 94.1
2025-07-22 11:50:52,604 - INFO - Updated trigger price to: 96.1
2025-07-22 11:50:56,638 - INFO - Updated trigger price to: 98.2
2025-07-22 11:50:57,627 - INFO - Updated trigger price to: 98.3
2025-07-22 11:50:58,592 - INFO - Updated trigger price to: 99.2
2025-07-22 11:51:02,500 - INFO - Order placed successfully: 250722000553170
2025-07-22 11:51:02,501 - INFO - Sell order placed: SENSEX2572282200PE at 97.3, Qty: 100
2025-07-22 11:51:02,502 - INFO - Position closed due to trailing_stop
2025-07-22 11:55:00,697 - INFO - Trading time: 11:55:00
2025-07-22 11:55:04,015 - INFO - Order placed successfully: 250722000566241
2025-07-22 11:55:04,016 - INFO - Buy order placed: SENSEX2572282200PE at 73.2, Qty: 100
2025-07-22 11:55:04,017 - INFO - Starting position monitoring...
2025-07-22 11:55:38,683 - INFO - Order placed successfully: 250722000567917
2025-07-22 11:55:38,683 - INFO - Sell order placed: SENSEX2572282200PE at 66.95, Qty: 100
2025-07-22 11:55:38,684 - INFO - Position closed due to stop_loss
2025-07-22 12:00:00,894 - INFO - Trading time: 12:00:00
2025-07-22 12:00:05,917 - INFO - Order placed successfully: 250722000582881
2025-07-22 12:00:05,918 - INFO - Buy order placed: SENSEX2572282300CE at 59.8, Qty: 120
2025-07-22 12:00:05,918 - INFO - Starting position monitoring...
2025-07-22 12:00:21,196 - INFO - Order placed successfully: 250722000583699
2025-07-22 12:00:21,203 - INFO - Sell order placed: SENSEX2572282300CE at 54.4, Qty: 120
2025-07-22 12:00:21,209 - INFO - Position closed due to stop_loss
2025-07-22 12:05:00,478 - INFO - Trading time: 12:05:00
2025-07-22 12:05:03,804 - INFO - Order placed successfully: 250722000592854
2025-07-22 12:05:03,805 - INFO - Buy order placed: SENSEX2572282300CE at 52.7, Qty: 140
2025-07-22 12:05:03,805 - INFO - Starting position monitoring...
2025-07-22 12:05:09,953 - INFO - Updated trigger price to: 53.9
2025-07-22 12:05:12,387 - INFO - Order placed successfully: 250722000593197
2025-07-22 12:05:12,387 - INFO - Sell order placed: SENSEX2572282300CE at 53.65, Qty: 140
2025-07-22 12:05:12,388 - INFO - Position closed due to trailing_stop
2025-07-22 12:10:00,635 - INFO - Trading time: 12:10:00
2025-07-22 12:10:03,987 - INFO - Order placed successfully: 250722000603117
2025-07-22 12:10:03,988 - INFO - Buy order placed: SENSEX2572282200PE at 58.75, Qty: 120
2025-07-22 12:10:03,988 - INFO - Starting position monitoring...
2025-07-22 12:10:35,741 - INFO - Order placed successfully: 250722000604072
2025-07-22 12:10:35,743 - INFO - Sell order placed: SENSEX2572282200PE at 54.0, Qty: 120
2025-07-22 12:10:35,743 - INFO - Position closed due to stop_loss
2025-07-22 12:15:00,056 - INFO - Trading time: 12:15:00
2025-07-22 12:15:03,417 - INFO - Order placed successfully: 250722000611256
2025-07-22 12:15:03,417 - INFO - Buy order placed: SENSEX2572282200PE at 59.1, Qty: 120
2025-07-22 12:15:03,418 - INFO - Starting position monitoring...
2025-07-22 12:15:09,509 - INFO - Updated trigger price to: 60.4
2025-07-22 12:15:10,294 - INFO - Updated trigger price to: 61.5
2025-07-22 12:15:12,569 - INFO - Updated trigger price to: 61.7
2025-07-22 12:15:14,059 - INFO - Updated trigger price to: 61.8
2025-07-22 12:15:17,919 - INFO - Order placed successfully: 250722000611733
2025-07-22 12:15:17,920 - INFO - Sell order placed: SENSEX2572282200PE at 61.4, Qty: 120
2025-07-22 12:15:17,921 - INFO - Position closed due to trailing_stop
2025-07-22 12:20:00,263 - INFO - Trading time: 12:20:00
2025-07-22 12:20:03,778 - INFO - Order placed successfully: 250722000619632
2025-07-22 12:20:03,779 - INFO - Buy order placed: SENSEX2572282300CE at 50.45, Qty: 140
2025-07-22 12:20:03,780 - INFO - Starting position monitoring...
2025-07-22 12:20:28,799 - INFO - Updated trigger price to: 51.1
2025-07-22 12:20:31,082 - INFO - Updated trigger price to: 51.4
2025-07-22 12:20:33,340 - INFO - Updated trigger price to: 51.8
2025-07-22 12:20:34,817 - INFO - Updated trigger price to: 51.9
2025-07-22 12:20:38,491 - INFO - Order placed successfully: 250722000620975
2025-07-22 12:20:38,492 - INFO - Sell order placed: SENSEX2572282300CE at 50.7, Qty: 140
2025-07-22 12:20:38,492 - INFO - Position closed due to trailing_stop
2025-07-22 12:25:00,718 - INFO - Trading time: 12:25:00
2025-07-22 12:25:04,089 - INFO - Order placed successfully: 250722000635381
2025-07-22 12:25:04,090 - INFO - Buy order placed: SENSEX2572282300PE at 70.5, Qty: 100
2025-07-22 12:25:04,091 - INFO - Starting position monitoring...
2025-07-22 12:25:16,122 - INFO - Updated trigger price to: 71.2
2025-07-22 12:25:18,027 - INFO - Updated trigger price to: 71.9
2025-07-22 12:25:18,989 - INFO - Updated trigger price to: 72.2
2025-07-22 12:25:22,039 - INFO - Order placed successfully: 250722000636244
2025-07-22 12:25:22,040 - INFO - Sell order placed: SENSEX2572282300PE at 71.95, Qty: 100
2025-07-22 12:25:22,040 - INFO - Position closed due to trailing_stop
2025-07-22 12:30:00,386 - INFO - Trading time: 12:30:00
2025-07-22 12:30:03,704 - INFO - Order placed successfully: 250722000648191
2025-07-22 12:30:03,705 - INFO - Buy order placed: SENSEX2572282300PE at 62.55, Qty: 100
2025-07-22 12:30:03,706 - INFO - Starting position monitoring...
2025-07-22 12:30:09,172 - INFO - Updated trigger price to: 63.1
2025-07-22 12:30:10,678 - INFO - Updated trigger price to: 63.9
2025-07-22 12:30:16,114 - INFO - Order placed successfully: 250722000648888
2025-07-22 12:30:16,115 - INFO - Sell order placed: SENSEX2572282300PE at 63.0, Qty: 100
2025-07-22 12:30:16,117 - INFO - Position closed due to trailing_stop
2025-07-22 12:35:00,457 - INFO - Trading time: 12:35:00
2025-07-22 12:35:03,800 - INFO - Order placed successfully: 250722000661249
2025-07-22 12:35:03,802 - INFO - Buy order placed: SENSEX2572282400CE at 43.2, Qty: 160
2025-07-22 12:35:03,803 - INFO - Starting position monitoring...
2025-07-22 12:35:33,050 - INFO - Order placed successfully: 250722000662294
2025-07-22 12:35:33,051 - INFO - Sell order placed: SENSEX2572282400CE at 39.6, Qty: 160
2025-07-22 12:35:33,052 - INFO - Position closed due to stop_loss
2025-07-22 12:40:00,320 - INFO - Trading time: 12:40:00
2025-07-22 12:40:03,644 - INFO - Order placed successfully: 250722000671872
2025-07-22 12:40:03,645 - INFO - Buy order placed: SENSEX2572282300PE at 63.5, Qty: 100
2025-07-22 12:40:03,646 - INFO - Starting position monitoring...
2025-07-22 12:40:44,812 - INFO - Updated trigger price to: 65.2
2025-07-22 12:40:46,599 - INFO - Updated trigger price to: 65.3
2025-07-22 12:40:47,351 - INFO - Updated trigger price to: 65.4
2025-07-22 12:40:52,630 - INFO - Updated trigger price to: 65.9
2025-07-22 12:40:53,378 - INFO - Updated trigger price to: 67.5
2025-07-22 12:40:54,902 - INFO - Updated trigger price to: 69.3
2025-07-22 12:41:06,336 - INFO - Order placed successfully: 250722000673738
2025-07-22 12:41:06,337 - INFO - Sell order placed: SENSEX2572282300PE at 68.7, Qty: 100
2025-07-22 12:41:06,338 - INFO - Position closed due to trailing_stop
2025-07-22 12:45:00,560 - INFO - Trading time: 12:45:00
2025-07-22 12:45:04,052 - INFO - Order placed successfully: 250722000682236
2025-07-22 12:45:04,053 - INFO - Buy order placed: SENSEX2572282300PE at 54.95, Qty: 120
2025-07-22 12:45:04,054 - INFO - Starting position monitoring...
2025-07-22 12:45:15,574 - INFO - Updated trigger price to: 55.3
2025-07-22 12:45:17,901 - INFO - Updated trigger price to: 55.5
2025-07-22 12:45:19,447 - INFO - Updated trigger price to: 56.1
2025-07-22 12:45:23,215 - INFO - Order placed successfully: 250722000682859
2025-07-22 12:45:23,215 - INFO - Sell order placed: SENSEX2572282300PE at 55.65, Qty: 120
2025-07-22 12:45:23,216 - INFO - Position closed due to trailing_stop
2025-07-22 12:50:00,440 - INFO - Trading time: 12:50:00
2025-07-22 12:50:03,793 - INFO - Order placed successfully: 250722000692202
2025-07-22 12:50:03,794 - INFO - Buy order placed: SENSEX2572282300PE at 51.75, Qty: 140
2025-07-22 12:50:03,795 - INFO - Starting position monitoring...
2025-07-22 12:50:26,452 - INFO - Updated trigger price to: 52.5
2025-07-22 12:50:27,274 - INFO - Updated trigger price to: 53.1
2025-07-22 12:50:31,272 - INFO - Order placed successfully: 250722000692864
2025-07-22 12:50:31,272 - INFO - Sell order placed: SENSEX2572282300PE at 53.05, Qty: 140
2025-07-22 12:50:31,272 - INFO - Position closed due to trailing_stop
2025-07-22 12:55:00,525 - INFO - Trading time: 12:55:00
2025-07-22 12:55:03,878 - INFO - Order placed successfully: 250722000700288
2025-07-22 12:55:03,880 - INFO - Buy order placed: SENSEX2572282300PE at 55.6, Qty: 120
2025-07-22 12:55:03,881 - INFO - Starting position monitoring...
2025-07-22 12:55:11,463 - INFO - Updated trigger price to: 56.1
2025-07-22 12:55:22,513 - ERROR - Error getting LTP for SENSEX2572282300PE: HTTPSConnectionPool(host='apiconnect.angelone.in', port=443): Read timed out. (read timeout=7)
2025-07-22 12:55:22,515 - WARNING - Could not get LTP for monitoring
2025-07-22 12:55:28,552 - INFO - Order placed successfully: 250722000700915
2025-07-22 12:55:28,553 - INFO - Sell order placed: SENSEX2572282300PE at 55.7, Qty: 120
2025-07-22 12:55:28,553 - INFO - Position closed due to trailing_stop
2025-07-22 13:00:00,843 - INFO - Trading time: 13:00:00
2025-07-22 13:00:04,218 - INFO - Order placed successfully: 250722000708909
2025-07-22 13:00:04,219 - INFO - Buy order placed: SENSEX2572282400CE at 37.0, Qty: 200
2025-07-22 13:00:04,220 - INFO - Starting position monitoring...
2025-07-22 13:00:19,133 - ERROR - Error getting LTP for SENSEX2572282400CE: HTTPSConnectionPool(host='apiconnect.angelone.in', port=443): Read timed out. (read timeout=7)
2025-07-22 13:00:19,135 - WARNING - Could not get LTP for monitoring
2025-07-22 13:00:19,990 - INFO - Updated trigger price to: 38.0
2025-07-22 13:00:20,866 - INFO - Updated trigger price to: 38.3
2025-07-22 13:00:22,555 - INFO - Updated trigger price to: 38.7
2025-07-22 13:00:24,097 - INFO - Updated trigger price to: 39.5
2025-07-22 13:00:24,865 - INFO - Updated trigger price to: 39.7
2025-07-22 13:00:28,792 - INFO - Updated trigger price to: 51.6
2025-07-22 13:00:30,236 - INFO - Order placed successfully: 250722000710161
2025-07-22 13:00:30,236 - INFO - Sell order placed: SENSEX2572282400CE at 48.15, Qty: 200
2025-07-22 13:00:30,237 - INFO - Position closed due to trailing_stop
2025-07-22 13:05:00,504 - INFO - Trading time: 13:05:00
2025-07-22 13:05:03,822 - INFO - Order placed successfully: 250722000721740
2025-07-22 13:05:03,823 - INFO - Buy order placed: SENSEX2572282400CE at 41.2, Qty: 180
2025-07-22 13:05:03,824 - INFO - Starting position monitoring...
2025-07-22 13:05:08,231 - INFO - Order placed successfully: 250722000721898
2025-07-22 13:05:08,232 - INFO - Sell order placed: SENSEX2572282400CE at 36.8, Qty: 180
2025-07-22 13:05:08,232 - INFO - Position closed due to stop_loss
2025-07-22 13:10:00,516 - INFO - Trading time: 13:10:00
2025-07-22 13:10:03,855 - INFO - Order placed successfully: 250722000738242
2025-07-22 13:10:03,855 - INFO - Buy order placed: SENSEX2572282300PE at 53.35, Qty: 140
2025-07-22 13:10:03,856 - INFO - Starting position monitoring...
2025-07-22 13:10:14,939 - INFO - Updated trigger price to: 54.4
2025-07-22 13:10:15,883 - INFO - Updated trigger price to: 54.7
2025-07-22 13:10:17,431 - INFO - Order placed successfully: 250722000738597
2025-07-22 13:10:17,431 - INFO - Sell order placed: SENSEX2572282300PE at 54.55, Qty: 140
2025-07-22 13:10:17,431 - INFO - Position closed due to trailing_stop
2025-07-22 13:15:00,804 - INFO - Trading time: 13:15:00
2025-07-22 13:15:04,226 - INFO - Order placed successfully: 250722000748237
2025-07-22 13:15:04,227 - INFO - Buy order placed: SENSEX2572282300CE at 50.0, Qty: 140
2025-07-22 13:15:04,228 - INFO - Starting position monitoring...
2025-07-22 13:15:39,505 - INFO - Updated trigger price to: 50.5
2025-07-22 13:15:41,822 - INFO - Updated trigger price to: 50.8
2025-07-22 13:15:42,678 - INFO - Updated trigger price to: 51.1
2025-07-22 13:15:48,462 - INFO - Order placed successfully: 250722000749488
2025-07-22 13:15:48,463 - INFO - Sell order placed: SENSEX2572282300CE at 51.05, Qty: 140
2025-07-22 13:15:48,464 - INFO - Position closed due to trailing_stop
2025-07-22 13:20:00,791 - INFO - Trading time: 13:20:00
2025-07-22 13:20:07,681 - INFO - Order placed successfully: 250722000757880
2025-07-22 13:20:07,682 - INFO - Buy order placed: SENSEX2572282300CE at 42.0, Qty: 160
2025-07-22 13:20:07,683 - INFO - Starting position monitoring...
2025-07-22 13:20:30,974 - INFO - Updated trigger price to: 42.3
2025-07-22 13:20:31,803 - INFO - Updated trigger price to: 42.4
2025-07-22 13:20:32,591 - INFO - Updated trigger price to: 42.8
2025-07-22 13:20:34,113 - INFO - Updated trigger price to: 43.2
2025-07-22 13:20:34,862 - INFO - Updated trigger price to: 43.7
2025-07-22 13:20:43,781 - INFO - Updated trigger price to: 43.9
2025-07-22 13:20:44,620 - INFO - Updated trigger price to: 44.3
2025-07-22 13:20:47,881 - INFO - Updated trigger price to: 44.4
2025-07-22 13:20:51,837 - INFO - Updated trigger price to: 45.4
2025-07-22 13:21:12,476 - INFO - Updated trigger price to: 45.6
2025-07-22 13:21:13,317 - INFO - Updated trigger price to: 45.7
2025-07-22 13:21:15,301 - INFO - Updated trigger price to: 45.8
2025-07-22 13:21:19,984 - INFO - Updated trigger price to: 46.4
2025-07-22 13:21:23,545 - INFO - Updated trigger price to: 46.7
2025-07-22 13:21:28,902 - INFO - Updated trigger price to: 47.0
2025-07-22 13:21:41,450 - INFO - Updated trigger price to: 47.1
2025-07-22 13:21:44,695 - INFO - Updated trigger price to: 47.4
2025-07-22 13:21:45,578 - INFO - Updated trigger price to: 47.7
2025-07-22 13:21:48,835 - INFO - Updated trigger price to: 48.5
2025-07-22 13:21:49,616 - INFO - Updated trigger price to: 48.9
2025-07-22 13:21:51,268 - INFO - Updated trigger price to: 49.7
2025-07-22 13:21:52,064 - INFO - Updated trigger price to: 50.0
2025-07-22 13:21:52,945 - INFO - Updated trigger price to: 50.4
2025-07-22 13:22:02,591 - INFO - Updated trigger price to: 50.6
2025-07-22 13:22:18,344 - INFO - Order placed successfully: 250722000763045
2025-07-22 13:22:18,344 - INFO - Sell order placed: SENSEX2572282300CE at 50.4, Qty: 160
2025-07-22 13:22:18,345 - INFO - Position closed due to trailing_stop
2025-07-22 13:24:18,353 - INFO - Trading bot stopped by user
2025-07-22 13:24:57,994 - INFO - Loaded 125131 token records
2025-07-22 13:25:02,701 - INFO - Feed-Token: eyJhbGciOiJIUzUxMiJ9.eyJ1c2VybmFtZSI6IlM2OTI5NDgiLCJpYXQiOjE3NTMxNzA4OTYsImV4cCI6MTc1MzI1NzI5Nn0.mzV6weXXRNWFHJH3xW6_v2OSNbgcXzpjnTc5uSDmPRfqOK5yrzLEr17125vu51rbyvDDd-03DkNuJS0QzbzPnA
2025-07-22 13:25:04,239 - INFO - Get Profile: {'status': True, 'message': 'SUCCESS', 'errorcode': '', 'data': {'clientcode': 'S692948', 'name': 'SACHIN  MALIK', 'email': '', 'mobileno': '', 'exchanges': ['nse_fo', 'nse_cm', 'bse_fo', 'bse_cm'], 'products': ['MARGIN', 'MIS', 'NRML', 'CNC', 'CO', 'BO'], 'lastlogintime': '', 'broker': ''}}
2025-07-22 13:25:05,546 - INFO - API initialization completed successfully
2025-07-22 13:25:05,547 - INFO - Starting trading bot...
2025-07-22 13:26:57,473 - INFO - Trading bot stopped by user
2025-07-22 13:29:33,181 - INFO - Loaded 125131 token records
2025-07-22 13:29:35,485 - INFO - Feed-Token: eyJhbGciOiJIUzUxMiJ9.eyJ1c2VybmFtZSI6IlM2OTI5NDgiLCJpYXQiOjE3NTMxNzExNjksImV4cCI6MTc1MzI1NzU2OX0.7EWJ7XllkyN8SetAPPSVA9AGFvHXX0DVm8BZRvQtdWBQ5fW57gOoUw6Hu6ej3RugGgSpla23xFr_uJhe2Ku5Pw
2025-07-22 13:29:36,609 - INFO - Get Profile: {'status': True, 'message': 'SUCCESS', 'errorcode': '', 'data': {'clientcode': 'S692948', 'name': 'SACHIN  MALIK', 'email': '', 'mobileno': '', 'exchanges': ['nse_fo', 'nse_cm', 'bse_fo', 'bse_cm'], 'products': ['MARGIN', 'MIS', 'NRML', 'CNC', 'CO', 'BO'], 'lastlogintime': '', 'broker': ''}}
2025-07-22 13:29:37,554 - INFO - API initialization completed successfully
2025-07-22 13:29:37,554 - INFO - Starting trading bot...
2025-07-22 13:30:00,089 - INFO - Trading time: 13:30:00
2025-07-22 13:30:04,467 - INFO - Order placed successfully: 250722000780315
2025-07-22 13:30:04,468 - INFO - Buy order placed: SENSEX2572282200PE at 34.15, Qty: 200
2025-07-22 13:30:04,468 - INFO - Starting position monitoring...
2025-07-22 13:30:06,475 - INFO - Updated trigger price to: 34.8
2025-07-22 13:30:12,962 - INFO - Updated trigger price to: 35.3
2025-07-22 13:30:14,072 - INFO - Updated trigger price to: 36.1
2025-07-22 13:30:14,995 - INFO - Updated trigger price to: 36.9
2025-07-22 13:30:16,852 - INFO - Updated trigger price to: 38.0
2025-07-22 13:30:17,758 - INFO - Updated trigger price to: 39.7
2025-07-22 13:30:19,717 - INFO - Order placed successfully: 250722000781030
2025-07-22 13:30:19,717 - INFO - Sell order placed: SENSEX2572282200PE at 39.45, Qty: 200
2025-07-22 13:30:19,718 - INFO - Position closed due to trailing_stop
2025-07-22 13:35:00,075 - INFO - Trading time: 13:35:00
2025-07-22 13:35:04,049 - INFO - Order placed successfully: 250722000791672
2025-07-22 13:35:04,051 - INFO - Buy order placed: SENSEX2572282200PE at 31.9, Qty: 220
2025-07-22 13:35:04,051 - INFO - Starting position monitoring...
2025-07-22 13:35:44,486 - INFO - Order placed successfully: 250722000792580
2025-07-22 13:35:44,487 - INFO - Sell order placed: SENSEX2572282200PE at 29.15, Qty: 220
2025-07-22 13:35:44,487 - INFO - Position closed due to stop_loss
2025-07-22 13:40:00,039 - INFO - Trading time: 13:40:00
2025-07-22 13:40:03,781 - INFO - Order placed successfully: 250722000800606
2025-07-22 13:40:03,782 - INFO - Buy order placed: SENSEX2572282200PE at 32.15, Qty: 220
2025-07-22 13:40:03,784 - INFO - Starting position monitoring...
2025-07-22 13:40:04,464 - INFO - Updated trigger price to: 32.8
2025-07-22 13:40:06,674 - INFO - Order placed successfully: 250722000800732
2025-07-22 13:40:06,675 - INFO - Sell order placed: SENSEX2572282200PE at 32.35, Qty: 220
2025-07-22 13:40:06,675 - INFO - Position closed due to trailing_stop
2025-07-22 13:45:00,026 - INFO - Trading time: 13:45:00
2025-07-22 13:45:04,812 - INFO - Order placed successfully: 250722000809064
2025-07-22 13:45:04,813 - INFO - Buy order placed: SENSEX2572282200PE at 32.45, Qty: 220
2025-07-22 13:45:04,814 - INFO - Starting position monitoring...
2025-07-22 13:45:08,569 - INFO - Updated trigger price to: 33.3
2025-07-22 13:45:09,418 - INFO - Updated trigger price to: 33.8
2025-07-22 13:45:10,256 - INFO - Updated trigger price to: 34.0
2025-07-22 13:45:11,038 - INFO - Updated trigger price to: 34.5
2025-07-22 13:45:11,819 - INFO - Updated trigger price to: 36.3
2025-07-22 13:45:13,689 - INFO - Updated trigger price to: 36.4
2025-07-22 13:45:17,026 - INFO - Order placed successfully: 250722000809516
2025-07-22 13:45:17,026 - INFO - Sell order placed: SENSEX2572282200PE at 36.05, Qty: 220
2025-07-22 13:45:17,027 - INFO - Position closed due to trailing_stop
2025-07-22 13:50:00,023 - INFO - Trading time: 13:50:00
2025-07-22 13:50:03,748 - INFO - Order placed successfully: 250722000818675
2025-07-22 13:50:03,749 - INFO - Buy order placed: SENSEX2572282200PE at 34.85, Qty: 200
2025-07-22 13:50:03,749 - INFO - Starting position monitoring...
2025-07-22 13:50:19,450 - INFO - Updated trigger price to: 35.4
2025-07-22 13:50:20,975 - INFO - Order placed successfully: 250722000819155
2025-07-22 13:50:20,977 - INFO - Sell order placed: SENSEX2572282200PE at 35.1, Qty: 200
2025-07-22 13:50:20,978 - INFO - Position closed due to trailing_stop
2025-07-22 13:55:00,005 - INFO - Trading time: 13:55:00
2025-07-22 13:55:06,056 - INFO - Order placed successfully: 250722000826943
2025-07-22 13:55:06,057 - INFO - Buy order placed: SENSEX2572282300CE at 35.95, Qty: 200
2025-07-22 13:55:06,058 - INFO - Starting position monitoring...
2025-07-22 13:55:07,693 - INFO - Updated trigger price to: 38.5
2025-07-22 13:55:08,535 - INFO - Updated trigger price to: 39.3
2025-07-22 13:55:10,870 - INFO - Updated trigger price to: 39.5
2025-07-22 13:55:12,623 - INFO - Updated trigger price to: 39.6
2025-07-22 13:55:20,034 - INFO - Order placed successfully: 250722000827628
2025-07-22 13:55:20,036 - INFO - Sell order placed: SENSEX2572282300CE at 38.7, Qty: 200
2025-07-22 13:55:20,037 - INFO - Position closed due to trailing_stop
2025-07-22 14:00:00,500 - INFO - Trading time: 14:00:00
2025-07-22 14:00:07,075 - INFO - Order placed successfully: 250722000842752
2025-07-22 14:00:07,077 - INFO - Buy order placed: SENSEX2572282300CE at 33.2, Qty: 220
2025-07-22 14:00:07,078 - INFO - Starting position monitoring...
2025-07-22 14:00:15,065 - INFO - Updated trigger price to: 34.1
2025-07-22 14:00:21,210 - INFO - Updated trigger price to: 34.2
2025-07-22 14:00:22,321 - INFO - Updated trigger price to: 34.3
2025-07-22 14:00:24,059 - INFO - Updated trigger price to: 35.0
2025-07-22 14:00:30,366 - INFO - Order placed successfully: 250722000843532
2025-07-22 14:00:30,367 - INFO - Sell order placed: SENSEX2572282300CE at 34.5, Qty: 220
2025-07-22 14:00:30,367 - INFO - Position closed due to trailing_stop
2025-07-22 14:05:00,020 - INFO - Trading time: 14:05:00
2025-07-22 14:05:03,623 - INFO - Order placed successfully: 250722000853625
2025-07-22 14:05:03,626 - INFO - Buy order placed: SENSEX2572282300PE at 39.55, Qty: 180
2025-07-22 14:05:03,627 - INFO - Starting position monitoring...
2025-07-22 14:05:29,440 - INFO - Order placed successfully: 250722000854499
2025-07-22 14:05:29,441 - INFO - Sell order placed: SENSEX2572282300PE at 35.4, Qty: 180
2025-07-22 14:05:29,443 - INFO - Position closed due to stop_loss
2025-07-22 14:10:00,117 - INFO - Trading time: 14:10:00
2025-07-22 14:10:04,700 - INFO - Order placed successfully: 250722000865123
2025-07-22 14:10:04,702 - INFO - Buy order placed: SENSEX2572282300PE at 32.05, Qty: 220
2025-07-22 14:10:04,703 - INFO - Starting position monitoring...
2025-07-22 14:10:28,647 - ERROR - Error getting LTP for SENSEX2572282300PE: HTTPSConnectionPool(host='apiconnect.angelone.in', port=443): Read timed out. (read timeout=7)
2025-07-22 14:10:28,652 - WARNING - Could not get LTP for monitoring
2025-07-22 14:10:43,832 - INFO - Updated trigger price to: 32.5
2025-07-22 14:10:45,539 - INFO - Updated trigger price to: 32.9
2025-07-22 14:10:49,649 - INFO - Updated trigger price to: 33.1
2025-07-22 14:10:50,440 - INFO - Updated trigger price to: 33.3
2025-07-22 14:10:59,300 - INFO - Order placed successfully: 250722000867678
2025-07-22 14:10:59,300 - INFO - Sell order placed: SENSEX2572282300PE at 32.85, Qty: 220
2025-07-22 14:10:59,300 - INFO - Position closed due to trailing_stop
2025-07-22 14:15:00,061 - INFO - Trading time: 14:15:00
2025-07-22 14:15:04,023 - INFO - Order placed successfully: 250722000878645
2025-07-22 14:15:04,024 - INFO - Buy order placed: SENSEX2572282300CE at 34.15, Qty: 200
2025-07-22 14:15:04,025 - INFO - Starting position monitoring...
2025-07-22 14:15:12,674 - ERROR - Error getting LTP for SENSEX2572282300CE: HTTPSConnectionPool(host='apiconnect.angelone.in', port=443): Read timed out. (read timeout=7)
2025-07-22 14:15:12,675 - WARNING - Could not get LTP for monitoring
2025-07-22 14:15:13,579 - INFO - Updated trigger price to: 34.8
2025-07-22 14:15:19,270 - INFO - Updated trigger price to: 35.0
2025-07-22 14:15:22,413 - INFO - Updated trigger price to: 35.1
2025-07-22 14:15:27,167 - INFO - Updated trigger price to: 35.2
2025-07-22 14:15:29,459 - INFO - Updated trigger price to: 35.4
2025-07-22 14:15:31,456 - INFO - Updated trigger price to: 36.2
2025-07-22 14:15:34,075 - INFO - Updated trigger price to: 36.7
2025-07-22 14:15:37,631 - INFO - Order placed successfully: 250722000879901
2025-07-22 14:15:37,632 - INFO - Sell order placed: SENSEX2572282300CE at 36.4, Qty: 200
2025-07-22 14:15:37,633 - INFO - Position closed due to trailing_stop
2025-07-22 14:20:00,073 - INFO - Trading time: 14:20:00
2025-07-22 14:20:08,134 - INFO - Order placed successfully: 250722000891247
2025-07-22 14:20:08,138 - INFO - Buy order placed: SENSEX2572282300CE at 27.65, Qty: 260
2025-07-22 14:20:08,140 - INFO - Starting position monitoring...
2025-07-22 14:20:18,351 - INFO - Order placed successfully: 250722000891590
2025-07-22 14:20:18,352 - INFO - Sell order placed: SENSEX2572282300CE at 25.0, Qty: 260
2025-07-22 14:20:18,354 - INFO - Position closed due to stop_loss
2025-07-22 14:25:00,106 - INFO - Trading time: 14:25:00
2025-07-22 14:25:05,616 - INFO - Order placed successfully: 250722000907482
2025-07-22 14:25:05,618 - INFO - Buy order placed: SENSEX2572282200PE at 39.8, Qty: 180
2025-07-22 14:25:05,619 - INFO - Starting position monitoring...
2025-07-22 14:25:07,546 - INFO - Updated trigger price to: 40.9
2025-07-22 14:25:08,441 - INFO - Updated trigger price to: 41.8
2025-07-22 14:25:09,525 - INFO - Updated trigger price to: 42.8
2025-07-22 14:25:10,419 - INFO - Updated trigger price to: 43.3
2025-07-22 14:25:19,274 - ERROR - Error getting LTP for SENSEX2572282200PE: HTTPSConnectionPool(host='apiconnect.angelone.in', port=443): Read timed out. (read timeout=7)
2025-07-22 14:25:19,276 - WARNING - Could not get LTP for monitoring
2025-07-22 14:25:21,534 - INFO - Order placed successfully: 250722000909416
2025-07-22 14:25:21,535 - INFO - Sell order placed: SENSEX2572282200PE at 39.95, Qty: 180
2025-07-22 14:25:21,535 - INFO - Position closed due to trailing_stop
2025-07-22 14:30:00,072 - INFO - Trading time: 14:30:00
2025-07-22 14:30:04,077 - INFO - Order placed successfully: 250722000925255
2025-07-22 14:30:04,077 - INFO - Buy order placed: SENSEX2572282200PE at 34.15, Qty: 200
2025-07-22 14:30:04,078 - INFO - Starting position monitoring...
2025-07-22 14:30:06,326 - INFO - Updated trigger price to: 34.8
2025-07-22 14:30:07,857 - INFO - Updated trigger price to: 35.0
2025-07-22 14:30:09,504 - INFO - Updated trigger price to: 35.1
2025-07-22 14:30:10,289 - INFO - Updated trigger price to: 35.5
2025-07-22 14:30:11,852 - INFO - Updated trigger price to: 36.6
2025-07-22 14:30:12,660 - INFO - Updated trigger price to: 36.9
2025-07-22 14:30:13,432 - INFO - Updated trigger price to: 37.3
2025-07-22 14:30:17,365 - INFO - Order placed successfully: 250722000925814
2025-07-22 14:30:17,366 - INFO - Sell order placed: SENSEX2572282200PE at 36.95, Qty: 200
2025-07-22 14:30:17,368 - INFO - Position closed due to trailing_stop
2025-07-22 14:35:00,108 - INFO - Trading time: 14:35:00
2025-07-22 14:35:06,373 - INFO - Order placed successfully: 250722000939921
2025-07-22 14:35:06,375 - INFO - Buy order placed: SENSEX2572282200PE at 33.7, Qty: 220
2025-07-22 14:35:06,376 - INFO - Starting position monitoring...
2025-07-22 14:35:34,434 - INFO - Order placed successfully: 250722000940956
2025-07-22 14:35:34,436 - INFO - Sell order placed: SENSEX2572282200PE at 30.2, Qty: 220
2025-07-22 14:35:34,437 - INFO - Position closed due to stop_loss
2025-07-22 14:38:09,406 - INFO - Trading bot stopped by user
2025-07-22 14:39:03,449 - INFO - Loaded 125131 token records
2025-07-22 14:39:07,063 - INFO - Feed-Token: eyJhbGciOiJIUzUxMiJ9.eyJ1c2VybmFtZSI6IlM2OTI5NDgiLCJpYXQiOjE3NTMxNzUzNDEsImV4cCI6MTc1MzI2MTc0MX0.zuuFbk9OObxzuliKl-lNotzBerT5Gj_zvu59lZtL4gIJxzTengYMfSedT86HjzxLgl6A52kIjmGSv0Mc3J56lg
2025-07-22 14:39:07,971 - INFO - Get Profile: {'status': True, 'message': 'SUCCESS', 'errorcode': '', 'data': {'clientcode': 'S692948', 'name': 'SACHIN  MALIK', 'email': '', 'mobileno': '', 'exchanges': ['nse_fo', 'nse_cm', 'bse_fo', 'bse_cm'], 'products': ['MARGIN', 'MIS', 'NRML', 'CNC', 'CO', 'BO'], 'lastlogintime': '', 'broker': ''}}
2025-07-22 14:39:08,660 - INFO - API initialization completed successfully
2025-07-22 14:39:08,661 - INFO - Starting trading bot...
2025-07-22 14:39:34,782 - INFO - Trading bot stopped by user
2025-07-22 14:39:53,719 - INFO - Loaded 125131 token records
2025-07-22 14:39:57,000 - INFO - Feed-Token: eyJhbGciOiJIUzUxMiJ9.eyJ1c2VybmFtZSI6IlM2OTI5NDgiLCJpYXQiOjE3NTMxNzUzOTEsImV4cCI6MTc1MzI2MTc5MX0.EvmJctSJgpfvVG7GiRqGrza0N6OvYSkookuZQOS5zU9Yd3A3nLU90wMYjs7j7uAHmVMNt6EJY4DS38d6ipG5Iw
2025-07-22 14:39:57,817 - INFO - Get Profile: {'status': True, 'message': 'SUCCESS', 'errorcode': '', 'data': {'clientcode': 'S692948', 'name': 'SACHIN  MALIK', 'email': '', 'mobileno': '', 'exchanges': ['nse_fo', 'nse_cm', 'bse_fo', 'bse_cm'], 'products': ['MARGIN', 'MIS', 'NRML', 'CNC', 'CO', 'BO'], 'lastlogintime': '', 'broker': ''}}
2025-07-22 14:39:58,574 - INFO - API initialization completed successfully
2025-07-22 14:39:58,574 - INFO - Starting trading bot...
2025-07-22 14:40:00,021 - INFO - Trading time: 14:40:00
2025-07-22 14:40:05,543 - INFO - Order placed successfully: 250722000957519
2025-07-22 14:40:05,544 - INFO - Buy order placed: SENSEX2572282200CE at 37.05, Qty: 200
2025-07-22 14:40:05,545 - INFO - Starting position monitoring...
2025-07-22 14:44:45,408 - INFO - Updated trigger price to: 37.7
2025-07-22 14:44:46,442 - INFO - Updated trigger price to: 37.9
2025-07-22 14:44:47,381 - INFO - Updated trigger price to: 38.0
2025-07-22 14:44:48,704 - INFO - Updated trigger price to: 39.6
2025-07-22 14:44:53,733 - INFO - Updated trigger price to: 39.9
2025-07-22 14:44:54,666 - INFO - Updated trigger price to: 40.6
2025-07-22 14:44:55,547 - INFO - Updated trigger price to: 40.9
2025-07-22 14:45:06,991 - INFO - Order placed successfully: 250722000971007
2025-07-22 14:45:06,991 - INFO - Sell order placed: SENSEX2572282200CE at 40.6, Qty: 200
2025-07-22 14:45:06,992 - INFO - Position closed due to trailing_stop
2025-07-22 14:50:00,033 - INFO - Trading time: 14:50:00
2025-07-22 14:50:06,563 - INFO - Order placed successfully: 250722000985660
2025-07-22 14:50:06,565 - INFO - Buy order placed: SENSEX2572282200PE at 20.55, Qty: 360
2025-07-22 14:50:06,566 - INFO - Starting position monitoring...
2025-07-22 14:50:50,111 - ERROR - Error getting LTP for SENSEX2572282200PE: 'NoneType' object is not subscriptable
2025-07-22 14:50:50,113 - WARNING - Could not get LTP for monitoring
2025-07-22 14:51:09,178 - INFO - Order placed successfully: 250722000988634
2025-07-22 14:51:09,178 - INFO - Sell order placed: SENSEX2572282200PE at 16.4, Qty: 360
2025-07-22 14:51:09,179 - INFO - Position closed due to stop_loss
2025-07-22 14:55:00,022 - INFO - Trading time: 14:55:00
2025-07-22 14:55:04,485 - INFO - Order placed successfully: 250722001003003
2025-07-22 14:55:04,486 - INFO - Buy order placed: SENSEX2572282200PE at 15.35, Qty: 480
2025-07-22 14:55:04,486 - INFO - Starting position monitoring...
2025-07-22 14:55:50,509 - INFO - Order placed successfully: 250722001005013
2025-07-22 14:55:50,509 - INFO - Sell order placed: SENSEX2572282200PE at 12.5, Qty: 480
2025-07-22 14:55:50,510 - INFO - Position closed due to stop_loss
2025-07-22 15:00:00,093 - INFO - Trading time: 15:00:00
2025-07-22 15:00:05,456 - INFO - Order placed successfully: 250722001019508
2025-07-22 15:00:05,459 - INFO - Buy order placed: SENSEX2572282200PE at 20.8, Qty: 360
2025-07-22 15:00:05,459 - INFO - Starting position monitoring...
2025-07-22 15:00:08,227 - INFO - Updated trigger price to: 23.0
2025-07-22 15:00:10,760 - INFO - Order placed successfully: 250722001019752
2025-07-22 15:00:10,761 - INFO - Sell order placed: SENSEX2572282200PE at 22.95, Qty: 360
2025-07-22 15:00:10,761 - INFO - Position closed due to trailing_stop
2025-07-22 15:05:00,036 - INFO - Trading time: 15:05:00
2025-07-22 15:05:04,471 - INFO - Order placed successfully: 250722001042499
2025-07-22 15:05:04,473 - INFO - Buy order placed: SENSEX2572282200CE at 7.85, Qty: 940
2025-07-22 15:05:04,474 - INFO - Starting position monitoring...
2025-07-22 15:05:12,220 - INFO - Updated trigger price to: 8.0
2025-07-22 15:05:13,068 - INFO - Updated trigger price to: 8.2
2025-07-22 15:05:16,040 - INFO - Updated trigger price to: 8.3
2025-07-22 15:05:26,739 - INFO - Order placed successfully: 250722001043972
2025-07-22 15:05:26,740 - INFO - Sell order placed: SENSEX2572282200CE at 8.15, Qty: 940
2025-07-22 15:05:26,740 - INFO - Position closed due to trailing_stop
2025-07-22 15:06:18,244 - INFO - Trading bot stopped by user
